<?xml version="1.0" encoding="UTF-8"?>
<testsuite name="com.zerock.springex.sample.SampleTests" tests="1" skipped="0" failures="0" errors="0" timestamp="2024-04-18T08:51:07" hostname="LAPTOP-95U0NBR6" time="0.064">
  <properties/>
  <testcase name="testConnection()" classname="com.zerock.springex.sample.SampleTests" time="0.064"/>
  <system-out><![CDATA[05:51:07  INFO [org.springframework.test.context.support.DefaultTestContextBootstrapper] Loaded default TestExecutionListener class names from location [META-INF/spring.factories]: [org.springframework.test.context.web.ServletTestExecutionListener, org.springframework.test.context.support.DirtiesContextBeforeModesTestExecutionListener, org.springframework.test.context.event.ApplicationEventsTestExecutionListener, org.springframework.test.context.support.DependencyInjectionTestExecutionListener, org.springframework.test.context.support.DirtiesContextTestExecutionListener, org.springframework.test.context.transaction.TransactionalTestExecutionListener, org.springframework.test.context.jdbc.SqlScriptsTestExecutionListener, org.springframework.test.context.event.EventPublishingTestExecutionListener]
05:51:07  INFO [org.springframework.test.context.support.DefaultTestContextBootstrapper] Using TestExecutionListeners: [org.springframework.test.context.support.DirtiesContextBeforeModesTestExecutionListener@1d3e6d34, org.springframework.test.context.event.ApplicationEventsTestExecutionListener@6eafb10e, org.springframework.test.context.support.DependencyInjectionTestExecutionListener@26a94fa5, org.springframework.test.context.support.DirtiesContextTestExecutionListener@464a4442, org.springframework.test.context.event.EventPublishingTestExecutionListener@2873d672]
05:51:07  INFO [com.zaxxer.hikari.HikariDataSource] HikariPool-1 - Starting...
05:51:07  INFO [com.zaxxer.hikari.pool.HikariPool] HikariPool-1 - Added connection com.mysql.cj.jdbc.ConnectionImpl@24386839
05:51:07  INFO [com.zaxxer.hikari.HikariDataSource] HikariPool-1 - Start completed.
05:51:08  INFO [com.zerock.springex.sample.SampleTests] HikariProxyConnection@1118494797 wrapping com.mysql.cj.jdbc.ConnectionImpl@24386839
]]></system-out>
  <system-err><![CDATA[]]></system-err>
</testsuite>
